<?xml version="1.0" encoding="UTF-8"?>
<!-- Generated by org.testng.reporters.JUnitXMLReporter -->
<testsuite ignored="0" hostname="LAPTOP-AL3H5S4M" failures="0" tests="4" name="Default test" time="13.273" errors="0" timestamp="2025-04-13T01:57:06 IST">
  <testcase classname="testFiles.LoginTest" name="testBothInvalidUsernameAndPassword" time="1.059"/>
  <testcase classname="testFiles.LoginTest" name="testInvalidPasswordOnly" time="0.934"/>
  <testcase classname="testFiles.LoginTest" name="testInvalidUsernameOnly" time="0.824"/>
  <testcase classname="testFiles.LoginTest" name="testValidLogin" time="0.936"/>
</testsuite> <!-- Default test -->
