<?xml version="1.0" encoding="UTF-8"?>
<testng-results ignored="0" total="4" passed="4" failed="0" skipped="0">
  <reporter-output>
  </reporter-output>
  <suite started-at="2025-04-13T01:56:53 IST" name="Default suite" finished-at="2025-04-13T01:57:06 IST" duration-ms="13273">
    <groups>
    </groups>
    <test started-at="2025-04-13T01:56:53 IST" name="Default test" finished-at="2025-04-13T01:57:06 IST" duration-ms="13273">
      <class name="testFiles.LoginTest">
        <test-method is-config="true" signature="setup()[pri:0, instance:testFiles.LoginTest@4efac082]" started-at="2025-04-13T01:56:53 IST" name="setup" finished-at="2025-04-13T01:56:57 IST" duration-ms="3983" status="PASS">
          <reporter-output>
          </reporter-output>
        </test-method> <!-- setup -->
        <test-method is-config="true" signature="startTest(java.lang.reflect.Method)[pri:0, instance:testFiles.LoginTest@4efac082]" started-at="2025-04-13T01:56:57 IST" name="startTest" finished-at="2025-04-13T01:56:57 IST" duration-ms="8" status="PASS">
          <params>
            <param index="0">
              <value>
                <![CDATA[public void testFiles.LoginTest.testBothInvalidUsernameAndPassword()]]>
              </value>
            </param>
          </params>
          <reporter-output>
          </reporter-output>
        </test-method> <!-- startTest -->
        <test-method is-config="true" signature="navigateToLoginPage()[pri:0, instance:testFiles.LoginTest@4efac082]" started-at="2025-04-13T01:56:57 IST" name="navigateToLoginPage" finished-at="2025-04-13T01:57:01 IST" duration-ms="3926" status="PASS">
          <reporter-output>
          </reporter-output>
        </test-method> <!-- navigateToLoginPage -->
        <test-method signature="testBothInvalidUsernameAndPassword()[pri:0, instance:testFiles.LoginTest@4efac082]" started-at="2025-04-13T01:57:01 IST" name="testBothInvalidUsernameAndPassword" finished-at="2025-04-13T01:57:02 IST" duration-ms="1059" status="PASS">
          <reporter-output>
          </reporter-output>
        </test-method> <!-- testBothInvalidUsernameAndPassword -->
        <test-method is-config="true" signature="endTest()[pri:0, instance:testFiles.LoginTest@4efac082]" started-at="2025-04-13T01:57:02 IST" name="endTest" finished-at="2025-04-13T01:57:02 IST" duration-ms="308" status="PASS">
          <reporter-output>
          </reporter-output>
        </test-method> <!-- endTest -->
        <test-method is-config="true" signature="navigateToLoginPage()[pri:0, instance:testFiles.LoginTest@4efac082]" started-at="2025-04-13T01:57:02 IST" name="navigateToLoginPage" finished-at="2025-04-13T01:57:02 IST" duration-ms="325" status="PASS">
          <reporter-output>
          </reporter-output>
        </test-method> <!-- navigateToLoginPage -->
        <test-method is-config="true" signature="startTest(java.lang.reflect.Method)[pri:0, instance:testFiles.LoginTest@4efac082]" started-at="2025-04-13T01:57:02 IST" name="startTest" finished-at="2025-04-13T01:57:02 IST" duration-ms="0" status="PASS">
          <params>
            <param index="0">
              <value>
                <![CDATA[public void testFiles.LoginTest.testInvalidPasswordOnly()]]>
              </value>
            </param>
          </params>
          <reporter-output>
          </reporter-output>
        </test-method> <!-- startTest -->
        <test-method signature="testInvalidPasswordOnly()[pri:0, instance:testFiles.LoginTest@4efac082]" started-at="2025-04-13T01:57:02 IST" name="testInvalidPasswordOnly" finished-at="2025-04-13T01:57:03 IST" duration-ms="934" status="PASS">
          <reporter-output>
          </reporter-output>
        </test-method> <!-- testInvalidPasswordOnly -->
        <test-method is-config="true" signature="endTest()[pri:0, instance:testFiles.LoginTest@4efac082]" started-at="2025-04-13T01:57:03 IST" name="endTest" finished-at="2025-04-13T01:57:03 IST" duration-ms="14" status="PASS">
          <reporter-output>
          </reporter-output>
        </test-method> <!-- endTest -->
        <test-method is-config="true" signature="navigateToLoginPage()[pri:0, instance:testFiles.LoginTest@4efac082]" started-at="2025-04-13T01:57:03 IST" name="navigateToLoginPage" finished-at="2025-04-13T01:57:04 IST" duration-ms="318" status="PASS">
          <reporter-output>
          </reporter-output>
        </test-method> <!-- navigateToLoginPage -->
        <test-method is-config="true" signature="startTest(java.lang.reflect.Method)[pri:0, instance:testFiles.LoginTest@4efac082]" started-at="2025-04-13T01:57:03 IST" name="startTest" finished-at="2025-04-13T01:57:03 IST" duration-ms="0" status="PASS">
          <params>
            <param index="0">
              <value>
                <![CDATA[public void testFiles.LoginTest.testInvalidUsernameOnly()]]>
              </value>
            </param>
          </params>
          <reporter-output>
          </reporter-output>
        </test-method> <!-- startTest -->
        <test-method signature="testInvalidUsernameOnly()[pri:0, instance:testFiles.LoginTest@4efac082]" started-at="2025-04-13T01:57:04 IST" name="testInvalidUsernameOnly" finished-at="2025-04-13T01:57:04 IST" duration-ms="824" status="PASS">
          <reporter-output>
          </reporter-output>
        </test-method> <!-- testInvalidUsernameOnly -->
        <test-method is-config="true" signature="endTest()[pri:0, instance:testFiles.LoginTest@4efac082]" started-at="2025-04-13T01:57:04 IST" name="endTest" finished-at="2025-04-13T01:57:04 IST" duration-ms="16" status="PASS">
          <reporter-output>
          </reporter-output>
        </test-method> <!-- endTest -->
        <test-method is-config="true" signature="navigateToLoginPage()[pri:0, instance:testFiles.LoginTest@4efac082]" started-at="2025-04-13T01:57:04 IST" name="navigateToLoginPage" finished-at="2025-04-13T01:57:05 IST" duration-ms="335" status="PASS">
          <reporter-output>
          </reporter-output>
        </test-method> <!-- navigateToLoginPage -->
        <test-method is-config="true" signature="startTest(java.lang.reflect.Method)[pri:0, instance:testFiles.LoginTest@4efac082]" started-at="2025-04-13T01:57:04 IST" name="startTest" finished-at="2025-04-13T01:57:04 IST" duration-ms="0" status="PASS">
          <params>
            <param index="0">
              <value>
                <![CDATA[public void testFiles.LoginTest.testValidLogin()]]>
              </value>
            </param>
          </params>
          <reporter-output>
          </reporter-output>
        </test-method> <!-- startTest -->
        <test-method signature="testValidLogin()[pri:0, instance:testFiles.LoginTest@4efac082]" started-at="2025-04-13T01:57:05 IST" name="testValidLogin" finished-at="2025-04-13T01:57:06 IST" duration-ms="936" status="PASS">
          <reporter-output>
          </reporter-output>
        </test-method> <!-- testValidLogin -->
        <test-method is-config="true" signature="endTest()[pri:0, instance:testFiles.LoginTest@4efac082]" started-at="2025-04-13T01:57:06 IST" name="endTest" finished-at="2025-04-13T01:57:06 IST" duration-ms="15" status="PASS">
          <reporter-output>
          </reporter-output>
        </test-method> <!-- endTest -->
        <test-method is-config="true" signature="tearDown()[pri:0, instance:testFiles.LoginTest@4efac082]" started-at="2025-04-13T01:57:06 IST" name="tearDown" finished-at="2025-04-13T01:57:06 IST" duration-ms="224" status="PASS">
          <reporter-output>
          </reporter-output>
        </test-method> <!-- tearDown -->
      </class> <!-- testFiles.LoginTest -->
    </test> <!-- Default test -->
  </suite> <!-- Default suite -->
</testng-results>
