<?xml version="1.0" encoding="UTF-8"?>
<!-- Generated by org.testng.reporters.JUnitXMLReporter -->
<testsuite ignored="0" hostname="LAPTOP-AL3H5S4M" failures="0" tests="4" name="Login Tests" time="39.359" errors="0" timestamp="2025-04-12T02:47:53 IST">
  <testcase classname="testFiles.LoginTest" name="testBothInvalidUsernameAndPassword" time="1.366"/>
  <testcase classname="testFiles.LoginTest" name="testInvalidPasswordOnly" time="1.111"/>
  <testcase classname="testFiles.LoginTest" name="testInvalidUsernameOnly" time="1.092"/>
  <testcase classname="testFiles.LoginTest" name="testValidLogin" time="1.089"/>
</testsuite> <!-- Login Tests -->
